Symbol range map extraction starting
Processing 9 files
startProcessing "andrewmogo\ClientOnlyProxy.java" md5: 3999129f56fabaf9ed4b368206bfec8d
Cache Hit!
endProcessing "andrewmogo\ClientOnlyProxy.java"

startProcessing "andrewmogo\CommonProxy.java" md5: 125bc15ea75888879f03d498f61cd63a
endProcessing "andrewmogo\CommonProxy.java"

startProcessing "andrewmogo\DedicatedServerProxy.java" md5: db20e263e136e6c78325adea9f474bac
Cache Hit!
endProcessing "andrewmogo\DedicatedServerProxy.java"

startProcessing "andrewmogo\MusicMagic.java" md5: ee483e17fb0d226b54762e9afa5a4ed2
Cache Hit!
endProcessing "andrewmogo\MusicMagic.java"

startProcessing "andrewmogo\Sounds\SoundRegisterListener.java" md5: 23622464ed75c9442bf6859b343b10e8
Cache Hit!
endProcessing "andrewmogo\Sounds\SoundRegisterListener.java"

startProcessing "andrewmogo\Sounds\SoundRegistrator.java" md5: e945287b6d511224033e1c28c81bf4f4
Cache Hit!
endProcessing "andrewmogo\Sounds\SoundRegistrator.java"

startProcessing "andrewmogo\item_mandolin\Mandolin.java" md5: 4913a69f1060afccdfd3882430a9dac5
Cache Hit!
endProcessing "andrewmogo\item_mandolin\Mandolin.java"

startProcessing "andrewmogo\item_mandolin\StartupClientOnly.java" md5: eac61894b96427d65a29a03b35177c20
Cache Hit!
endProcessing "andrewmogo\item_mandolin\StartupClientOnly.java"

startProcessing "andrewmogo\item_mandolin\StartupCommon.java" md5: bf152b136b769bd9c30cd5295663762a
Cache Hit!
endProcessing "andrewmogo\item_mandolin\StartupCommon.java"

